<?xml version="1.0" encoding="UTF-8"?>
<testng-results ignored="0" total="5" passed="5" failed="0" skipped="0">
  <reporter-output>
  </reporter-output>
  <suite started-at="2021-07-04T07:02:31 IST" name="Suite" finished-at="2021-07-04T07:03:03 IST" duration-ms="32007">
    <groups>
      <group name="cucumber">
        <method signature="AbstractTestNGCucumberTests.runScenario(io.cucumber.testng.PickleWrapper, io.cucumber.testng.FeatureWrapper)[pri:0, instance:runner.TestRunner@70f02c32]" name="runScenario" class="io.cucumber.testng.AbstractTestNGCucumberTests"/>
      </group> <!-- cucumber -->
    </groups>
    <test started-at="2021-07-04T07:02:31 IST" name="Test" finished-at="2021-07-04T07:03:03 IST" duration-ms="32007">
      <class name="runner.TestRunner">
        <test-method is-config="true" signature="setUpClass()[pri:0, instance:runner.TestRunner@70f02c32]" started-at="2021-07-04T07:02:31 IST" name="setUpClass" finished-at="2021-07-04T07:02:31 IST" duration-ms="403" status="PASS">
          <reporter-output>
          </reporter-output>
        </test-method> <!-- setUpClass -->
        <test-method signature="runScenario(io.cucumber.testng.PickleWrapper, io.cucumber.testng.FeatureWrapper)[pri:0, instance:runner.TestRunner@70f02c32]" started-at="2021-07-04T07:02:31 IST" name="runScenario" description="Runs Cucumber Scenarios" data-provider="scenarios" finished-at="2021-07-04T07:02:49 IST" duration-ms="17786" status="PASS">
          <params>
            <param index="0">
              <value>
                <![CDATA["Title of your scenario"]]>
              </value>
            </param>
            <param index="1">
              <value>
                <![CDATA["Feature to test OAuth 2.0 Authentication"]]>
              </value>
            </param>
          </params>
          <reporter-output>
          </reporter-output>
        </test-method> <!-- runScenario -->
        <test-method signature="runScenario(io.cucumber.testng.PickleWrapper, io.cucumber.testng.FeatureWrapper)[pri:0, instance:runner.TestRunner@70f02c32]" started-at="2021-07-04T07:02:49 IST" name="runScenario" description="Runs Cucumber Scenarios" data-provider="scenarios" finished-at="2021-07-04T07:02:50 IST" duration-ms="1206" status="PASS">
          <params>
            <param index="0">
              <value>
                <![CDATA["Add Place using AddPlaceAPI"]]>
              </value>
            </param>
            <param index="1">
              <value>
                <![CDATA["Validate Place APIs feature"]]>
              </value>
            </param>
          </params>
          <reporter-output>
          </reporter-output>
        </test-method> <!-- runScenario -->
        <test-method signature="runScenario(io.cucumber.testng.PickleWrapper, io.cucumber.testng.FeatureWrapper)[pri:0, instance:runner.TestRunner@70f02c32]" started-at="2021-07-04T07:02:50 IST" name="runScenario" description="Runs Cucumber Scenarios" data-provider="scenarios" finished-at="2021-07-04T07:02:53 IST" duration-ms="2979" status="PASS">
          <params>
            <param index="0">
              <value>
                <![CDATA["Verify Response using getPlaceAPI"]]>
              </value>
            </param>
            <param index="1">
              <value>
                <![CDATA["Validate Place APIs feature"]]>
              </value>
            </param>
          </params>
          <reporter-output>
          </reporter-output>
        </test-method> <!-- runScenario -->
        <test-method signature="runScenario(io.cucumber.testng.PickleWrapper, io.cucumber.testng.FeatureWrapper)[pri:0, instance:runner.TestRunner@70f02c32]" started-at="2021-07-04T07:02:53 IST" name="runScenario" description="Runs Cucumber Scenarios" data-provider="scenarios" finished-at="2021-07-04T07:02:58 IST" duration-ms="4684" status="PASS">
          <params>
            <param index="0">
              <value>
                <![CDATA["Update Place using UpdatePlaceAPI"]]>
              </value>
            </param>
            <param index="1">
              <value>
                <![CDATA["Validate Place APIs feature"]]>
              </value>
            </param>
          </params>
          <reporter-output>
          </reporter-output>
        </test-method> <!-- runScenario -->
        <test-method signature="runScenario(io.cucumber.testng.PickleWrapper, io.cucumber.testng.FeatureWrapper)[pri:0, instance:runner.TestRunner@70f02c32]" started-at="2021-07-04T07:02:58 IST" name="runScenario" description="Runs Cucumber Scenarios" data-provider="scenarios" finished-at="2021-07-04T07:03:00 IST" duration-ms="2565" status="PASS">
          <params>
            <param index="0">
              <value>
                <![CDATA["Delete Place using DeletePlaceAPI"]]>
              </value>
            </param>
            <param index="1">
              <value>
                <![CDATA["Validate Place APIs feature"]]>
              </value>
            </param>
          </params>
          <reporter-output>
          </reporter-output>
        </test-method> <!-- runScenario -->
        <test-method is-config="true" signature="tearDownClass()[pri:0, instance:runner.TestRunner@70f02c32]" started-at="2021-07-04T07:03:00 IST" name="tearDownClass" finished-at="2021-07-04T07:03:03 IST" duration-ms="2347" status="PASS">
          <reporter-output>
          </reporter-output>
        </test-method> <!-- tearDownClass -->
      </class> <!-- runner.TestRunner -->
    </test> <!-- Test -->
  </suite> <!-- Suite -->
</testng-results>
