<?xml version="1.0" encoding="UTF-8"?>
<testsuite xmlns:xsi="http://www.w3.org/2001/XMLSchema-instance" xsi:noNamespaceSchemaLocation="https://maven.apache.org/surefire/maven-surefire-plugin/xsd/surefire-test-report-3.0.xsd" version="3.0" name="TestSuite" time="33.738" tests="5" errors="0" skipped="0" failures="0">
  <properties>
[...]
</properties>
  <testcase name="runScenario[&quot;Title of your scenario&quot;, &quot;Feature to test OAuth 2.0 Authentication&quot;](1)" classname="runner.TestRunner" time="17.832">
    <system-out><![CDATA[[TestNGContentHandler] [WARN] It is strongly recommended to add "<!DOCTYPE suite SYSTEM "https://testng.org/testng-1.0.dtd" >" at the top of your file, otherwise TestNG may fail or not work as expected.

@Regression @OAuthAuthentication @OAuthAuthentication_Test
Scenario: Title of your scenario                                                                                 # src/test/resources/features/OAuthTestAuthentication.feature:7
authorization_code ----> 4%2F0AX4XfWi4WOuY0Hy8d4CARqeao9L6kcTuY0DL3XLafh1IWiyQ3pyQicgNr04d_Od-0RWwdg
  When User hits Url to get Authentication Code                                                                  # steps.OAuth.user_hits_Url_to_get_Authentication_Code()
access_token ---> ya29.a0ARrdaM9XYpojfep7w8cXnPdAGasccT0hP9IHSB_b5avUCAqYbp06dsJ94uB962eaL7DQQR3eIcxwzyjHwRSIQVJ3QLKKHCG91czWvgUb9AhZcEaW5Qby3uacws1b1tbQNP0trYy-vJqlYOiNsmvroE0rkA6qc3g

  And User calls getTokenAPI with POST HTTP request to send back Authentication Code and to get the Access Token # steps.OAuth.user_calls_getTokenAPI_with_POST_HTTP_request_to_send_back_Authentication_Code_and_to_get_the_Access_Token()
getCourseAPI response ---> 



{ "instructor": "RahulShetty", "url": "rahulshettycademy.com", "services": "projectSupport", "expertise": "Automation", "courses": { "webAutomation": [ { "courseTitle": "Selenium Webdriver Java", "price": "50" }, { "courseTitle": "Cypress",
                "price": "40"
            },
            {
                "courseTitle": "Protractor",
                "price": "40"
            }
        ],
        "api": [
            {
                "courseTitle": "Rest Assured Automation using Java",
                "price": "50"
            },
            {
                "courseTitle": "SoapUI Webservices testing",
                "price": "40"
            }
        ],
        "mobile": [
            {
                "courseTitle": "Appium-Mobile Automation using Java",
                "price": "50"
            }
        ]
    },
    "linkedIn": "https://www.linkedin.com/in/rahul-shetty-trainer/"
}

  And User calls getCourseAPI with GET HTTP request                                                              # steps.OAuth.user_calls_getCourseAPI_with_GET_HTTP_request()
  And Close browser                                                                                              # steps.OAuth.close_browser()
]]></system-out>
    <system-err><![CDATA[SLF4J: Class path contains multiple SLF4J bindings.
SLF4J: Found binding in [jar:file:/C:/Windows/system32/config/systemprofile/.m2/repository/org/slf4j/slf4j-simple/1.7.25/slf4j-simple-1.7.25.jar!/org/slf4j/impl/StaticLoggerBinder.class]
SLF4J: Found binding in [jar:file:/C:/Windows/system32/config/systemprofile/.m2/repository/org/slf4j/slf4j-nop/1.7.28/slf4j-nop-1.7.28.jar!/org/slf4j/impl/StaticLoggerBinder.class]
SLF4J: See http://www.slf4j.org/codes.html#multiple_bindings for an explanation.
SLF4J: Actual binding is of type [org.slf4j.impl.SimpleLoggerFactory]
[main] INFO io.github.bonigarcia.wdm.WebDriverManager - Using chromedriver 91.0.4472.101 (resolved driver for Chrome 91)
[main] INFO io.github.bonigarcia.wdm.WebDriverManager - Exporting webdriver.chrome.driver as C:\WINDOWS\system32\config\systemprofile\.cache\selenium\chromedriver\win32\91.0.4472.101\chromedriver.exe
Starting ChromeDriver 91.0.4472.101 (af52a90bf87030dd1523486a1cd3ae25c5d76c9b-refs/branch-heads/4472@{#1462}) on port 29284
Only local connections are allowed.
Please see https://chromedriver.chromium.org/security-considerations for suggestions on keeping ChromeDriver safe.
ChromeDriver was started successfully.
Jul 04, 2021 7:02:33 AM org.openqa.selenium.remote.ProtocolHandshake createSession
INFO: Detected dialect: W3C
]]></system-err>
  </testcase>
  <testcase name="runScenario[&quot;Add Place using AddPlaceAPI&quot;, &quot;Validate Place APIs feature&quot;](2)" classname="runner.TestRunner" time="1.176">
    <system-out><![CDATA[
@Regression @PlaceValidationE2E @PlaceValidationE2E_AddPlace
Scenario: Add Place using AddPlaceAPI                              # src/test/resources/features/PlaceValidationE2E.feature:7
  Given User is provided with BaseUrl and common Query Parameter   # steps.PlaceValidation.user_is_provided_with_BaseUrl_and_common_Query_Parameter()
  When User calls "addPlaceAPI" with "POST" HTTP request           # steps.PlaceValidation.user_calls_with_HTTP_request(java.lang.String,java.lang.String)
  Then Verify API call response is Success with status code as 200 # steps.PlaceValidation.verify_API_call_response_is_Success_with_status_code_as(java.lang.Integer)
  And "status" in "POST" response body is "OK"                     # steps.PlaceValidation.in_response_body_is(java.lang.String,java.lang.String,java.lang.String)
]]></system-out>
  </testcase>
  <testcase name="runScenario[&quot;Verify Response using getPlaceAPI&quot;, &quot;Validate Place APIs feature&quot;](3)" classname="runner.TestRunner" time="3.01">
    <system-out><![CDATA[
@Regression @PlaceValidationE2E @PlaceValidationE2E_GetPlace
Scenario Outline: Verify Response using getPlaceAPI                # src/test/resources/features/PlaceValidationE2E.feature:23
  Given User is provided with BaseUrl and common Query Parameter   # steps.PlaceValidation.user_is_provided_with_BaseUrl_and_common_Query_Parameter()
  When User calls "getPlaceAPI" with "GET" HTTP request            # steps.PlaceValidation.user_calls_with_HTTP_request(java.lang.String,java.lang.String)
  Then Verify API call response is Success with status code as 200 # steps.PlaceValidation.verify_API_call_response_is_Success_with_status_code_as(java.lang.Integer)
  And "name" in "GET" response body is "Frontline house"           # steps.PlaceValidation.in_response_body_is(java.lang.String,java.lang.String,java.lang.String)
  And "language" in "GET" response body is "French-IN"             # steps.PlaceValidation.in_response_body_is(java.lang.String,java.lang.String,java.lang.String)
]]></system-out>
  </testcase>
  <testcase name="runScenario[&quot;Update Place using UpdatePlaceAPI&quot;, &quot;Validate Place APIs feature&quot;](4)" classname="runner.TestRunner" time="4.679">
    <system-out><![CDATA[
@Regression @PlaceValidationE2E @PlaceValidationE2E_UpdatePlace
Scenario Outline: Update Place using UpdatePlaceAPI                # src/test/resources/features/PlaceValidationE2E.feature:35
  Given User is provided with BaseUrl and common Query Parameter   # steps.PlaceValidation.user_is_provided_with_BaseUrl_and_common_Query_Parameter()
  When User calls "updatePlaceAPI" with "PUT" HTTP request         # steps.PlaceValidation.user_calls_with_HTTP_request(java.lang.String,java.lang.String)
  Then Verify API call response is Success with status code as 200 # steps.PlaceValidation.verify_API_call_response_is_Success_with_status_code_as(java.lang.Integer)
  When User calls "getPlaceAPI" with "GET" HTTP request            # steps.PlaceValidation.user_calls_with_HTTP_request(java.lang.String,java.lang.String)
  Then "address" in "GET" response body is "India"                 # steps.PlaceValidation.in_response_body_is(java.lang.String,java.lang.String,java.lang.String)
]]></system-out>
  </testcase>
  <testcase name="runScenario[&quot;Delete Place using DeletePlaceAPI&quot;, &quot;Validate Place APIs feature&quot;](5)" classname="runner.TestRunner" time="2.534">
    <system-out><![CDATA[
@Regression @PlaceValidationE2E @PlaceValidationE2E_DeletePlace
Scenario: Delete Place using DeletePlaceAPI                        # src/test/resources/features/PlaceValidationE2E.feature:38
  Given User is provided with BaseUrl and common Query Parameter   # steps.PlaceValidation.user_is_provided_with_BaseUrl_and_common_Query_Parameter()
  When User calls "deletePlaceAPI" with "DELETE" HTTP request      # steps.PlaceValidation.user_calls_with_HTTP_request(java.lang.String,java.lang.String)
  Then Verify API call response is Success with status code as 200 # steps.PlaceValidation.verify_API_call_response_is_Success_with_status_code_as(java.lang.Integer)
  And "status" in "DELETE" response body is "OK"                   # steps.PlaceValidation.in_response_body_is(java.lang.String,java.lang.String,java.lang.String)
]]></system-out>
  </testcase>
</testsuite>